<?xml version="1.0" encoding="UTF-8"?>
<!-- Generated by org.testng.reporters.JUnitReportReporter -->
<testsuite skipped="0" hostname="TAKIMBINH" name="register.Register" tests="2" failures="0" timestamp="09 Aug 2023 10:31:22 GMT" time="2.875" errors="0">
  <testcase name="TC_06_Password_not_match_Confirm_Password" time="1.531" classname="register.Register"/>
  <testcase name="TC_01_Empty_data" time="1.344" classname="register.Register"/>
</testsuite> <!-- register.Register -->
