<?xml version="1.0" encoding="UTF-8"?>
<!-- Generated by org.testng.reporters.JUnitReportReporter -->
<testsuite skipped="0" hostname="TAKIMBINH" name="register.POM.Login_POM" tests="1" failures="0" timestamp="11 Aug 2023 07:52:26 GMT" time="6.622" errors="0">
  <testcase name="TC_06_Login_with_valid_email_and_valid_password" time="6.622" classname="register.POM.Login_POM"/>
</testsuite> <!-- register.POM.Login_POM -->
