<?xml version="1.0" encoding="UTF-8"?>
<!-- Generated by org.testng.reporters.JUnitReportReporter -->
<testsuite skipped="0" hostname="TAKIMBINH" name="register.POM.Register_POM" tests="1" failures="0" timestamp="10 Aug 2023 09:07:59 GMT" time="1.663" errors="0">
  <testcase name="TC_06_Password_not_match_Confirm_Password" time="1.663" classname="register.POM.Register_POM"/>
</testsuite> <!-- register.POM.Register_POM -->
