<?xml version="1.0" encoding="UTF-8"?>
<!-- Generated by org.testng.reporters.JUnitReportReporter -->
<testsuite skipped="0" hostname="TAKIMBINH" name="PageObject.Desktop_Paging_POM" tests="1" failures="0" timestamp="19 Aug 2023 10:47:22 GMT" time="1.741" errors="0">
  <testcase name="TC_01_Sort_A_to_Z" time="1.741" classname="PageObject.Desktop_Paging_POM"/>
</testsuite> <!-- PageObject.Desktop_Paging_POM -->
