<?xml version="1.0" encoding="UTF-8"?>
<!-- Generated by org.testng.reporters.JUnitReportReporter -->
<testsuite skipped="0" hostname="TAKIMBINH" name="register.Register_AppyBasePage_II" tests="2" failures="0" timestamp="09 Aug 2023 10:39:13 GMT" time="3.495" errors="0">
  <testcase name="TC_03_Register_valid_information" time="2.124" classname="register.Register_AppyBasePage_II"/>
  <testcase name="TC_01_Empty_data" time="1.371" classname="register.Register_AppyBasePage_II"/>
</testsuite> <!-- register.Register_AppyBasePage_II -->
