<?xml version="1.0" encoding="UTF-8"?>
<!-- Generated by org.testng.reporters.JUnitReportReporter -->
<testsuite skipped="0" hostname="TAKIMBINH" name="register.POM.Register_PageFactory" tests="1" failures="0" timestamp="12 Aug 2023 08:17:50 GMT" time="1.564" errors="0">
  <testcase name="TC_01" time="1.564" classname="register.POM.Register_PageFactory"/>
</testsuite> <!-- register.POM.Register_PageFactory -->
