<?xml version="1.0" encoding="UTF-8"?>
<!-- Generated by org.testng.reporters.JUnitReportReporter -->
<testsuite skipped="0" hostname="TAKIMBINH" name="PageObject.MyAccount_POM" tests="1" failures="0" timestamp="13 Aug 2023 07:01:49 GMT" time="4.975" errors="0">
  <testcase name="TC_01_Verify_info" time="4.975" classname="PageObject.MyAccount_POM"/>
</testsuite> <!-- PageObject.MyAccount_POM -->
